{"/home/kubik/Escritorio/Docu22/projects/telecom/challenge_weather/src/app.ts": {"path":"/home/kubik/Escritorio/Docu22/projects/telecom/challenge_weather/src/app.ts","statementMap":{"0":{"start":{"line":1,"column":0},"end":{"line":1,"column":30}},"1":{"start":{"line":3,"column":0},"end":{"line":3,"column":24}},"2":{"start":{"line":5,"column":0},"end":{"line":5,"column":28}},"3":{"start":{"line":6,"column":0},"end":{"line":6,"column":30}},"4":{"start":{"line":7,"column":0},"end":{"line":7,"column":28}},"5":{"start":{"line":9,"column":0},"end":{"line":9,"column":24}},"6":{"start":{"line":12,"column":12},"end":{"line":12,"column":21}},"7":{"start":{"line":13,"column":0},"end":{"line":13,"column":16}},"8":{"start":{"line":16,"column":0},"end":{"line":16,"column":42}},"9":{"start":{"line":18,"column":0},"end":{"line":18,"column":23}},"10":{"start":{"line":19,"column":0},"end":{"line":19,"column":16}},"11":{"start":{"line":20,"column":0},"end":{"line":20,"column":24}},"12":{"start":{"line":21,"column":0},"end":{"line":21,"column":49}},"13":{"start":{"line":22,"column":0},"end":{"line":22,"column":57}},"14":{"start":{"line":25,"column":0},"end":{"line":27,"column":3}},"15":{"start":{"line":26,"column":2},"end":{"line":26,"column":43}},"16":{"start":{"line":29,"column":0},"end":{"line":29,"column":16}},"17":{"start":{"line":31,"column":0},"end":{"line":31,"column":19}}},"fnMap":{"0":{"name":"(anonymous_1)","decl":{"start":{"line":25,"column":13},"end":{"line":25,"column":14}},"loc":{"start":{"line":25,"column":26},"end":{"line":27,"column":1}}}},"branchMap":{"0":{"loc":{"start":{"line":16,"column":16},"end":{"line":16,"column":40}},"type":"binary-expr","locations":[{"start":{"line":16,"column":16},"end":{"line":16,"column":32}},{"start":{"line":16,"column":36},"end":{"line":16,"column":40}}]}},"s":{"0":1,"1":1,"2":1,"3":1,"4":1,"5":1,"6":1,"7":1,"8":1,"9":1,"10":1,"11":1,"12":1,"13":1,"14":1,"15":1,"16":1,"17":1},"f":{"0":1},"b":{"0":[1,0]}}
,"/home/kubik/Escritorio/Docu22/projects/telecom/challenge_weather/src/controllers/location.controller.ts": {"path":"/home/kubik/Escritorio/Docu22/projects/telecom/challenge_weather/src/controllers/location.controller.ts","statementMap":{"0":{"start":{"line":2,"column":14},"end":{"line":2,"column":30}},"1":{"start":{"line":3,"column":0},"end":{"line":3,"column":57}},"2":{"start":{"line":9,"column":24},"end":{"line":33,"column":2}},"3":{"start":{"line":9,"column":62},"end":{"line":33,"column":2}},"4":{"start":{"line":10,"column":2},"end":{"line":32,"column":null}},"5":{"start":{"line":12,"column":21},"end":{"line":14,"column":6}},"6":{"start":{"line":15,"column":17},"end":{"line":15,"column":37}},"7":{"start":{"line":16,"column":51},"end":{"line":16,"column":60}},"8":{"start":{"line":18,"column":4},"end":{"line":23,"column":7}},"9":{"start":{"line":25,"column":4},"end":{"line":31,"column":null}},"10":{"start":{"line":26,"column":6},"end":{"line":30,"column":9}},"11":{"start":{"line":9,"column":13},"end":{"line":9,"column":24}},"12":{"start":{"line":39,"column":22},"end":{"line":61,"column":2}},"13":{"start":{"line":39,"column":60},"end":{"line":61,"column":2}},"14":{"start":{"line":40,"column":19},"end":{"line":40,"column":27}},"15":{"start":{"line":42,"column":2},"end":{"line":60,"column":null}},"16":{"start":{"line":43,"column":25},"end":{"line":43,"column":57}},"17":{"start":{"line":44,"column":4},"end":{"line":46,"column":null}},"18":{"start":{"line":45,"column":6},"end":{"line":45,"column":90}},"19":{"start":{"line":48,"column":21},"end":{"line":48,"column":52}},"20":{"start":{"line":49,"column":4},"end":{"line":49,"column":26}},"21":{"start":{"line":51,"column":4},"end":{"line":51,"column":35}},"22":{"start":{"line":53,"column":4},"end":{"line":59,"column":null}},"23":{"start":{"line":54,"column":6},"end":{"line":58,"column":9}},"24":{"start":{"line":39,"column":13},"end":{"line":39,"column":22}},"25":{"start":{"line":67,"column":26},"end":{"line":80,"column":2}},"26":{"start":{"line":67,"column":55},"end":{"line":80,"column":2}},"27":{"start":{"line":68,"column":2},"end":{"line":79,"column":null}},"28":{"start":{"line":69,"column":30},"end":{"line":71,"column":6}},"29":{"start":{"line":73,"column":4},"end":{"line":73,"column":31}},"30":{"start":{"line":75,"column":4},"end":{"line":75,"column":19}},"31":{"start":{"line":76,"column":4},"end":{"line":78,"column":7}},"32":{"start":{"line":67,"column":13},"end":{"line":67,"column":26}}},"fnMap":{"0":{"name":"(anonymous_8)","decl":{"start":{"line":9,"column":24},"end":{"line":9,"column":31}},"loc":{"start":{"line":9,"column":62},"end":{"line":33,"column":2}}},"1":{"name":"(anonymous_9)","decl":{"start":{"line":9,"column":62},"end":{"line":9,"column":null}},"loc":{"start":{"line":9,"column":62},"end":{"line":33,"column":1}}},"2":{"name":"(anonymous_10)","decl":{"start":{"line":39,"column":22},"end":{"line":39,"column":29}},"loc":{"start":{"line":39,"column":60},"end":{"line":61,"column":2}}},"3":{"name":"(anonymous_11)","decl":{"start":{"line":39,"column":60},"end":{"line":39,"column":null}},"loc":{"start":{"line":39,"column":60},"end":{"line":61,"column":1}}},"4":{"name":"(anonymous_12)","decl":{"start":{"line":67,"column":26},"end":{"line":67,"column":33}},"loc":{"start":{"line":67,"column":55},"end":{"line":80,"column":2}}},"5":{"name":"(anonymous_13)","decl":{"start":{"line":67,"column":55},"end":{"line":67,"column":null}},"loc":{"start":{"line":67,"column":55},"end":{"line":80,"column":1}}}},"branchMap":{"0":{"loc":{"start":{"line":25,"column":4},"end":{"line":31,"column":null}},"type":"if","locations":[{"start":{"line":25,"column":4},"end":{"line":31,"column":null}}]},"1":{"loc":{"start":{"line":44,"column":4},"end":{"line":46,"column":null}},"type":"if","locations":[{"start":{"line":44,"column":4},"end":{"line":46,"column":null}}]},"2":{"loc":{"start":{"line":53,"column":4},"end":{"line":59,"column":null}},"type":"if","locations":[{"start":{"line":53,"column":4},"end":{"line":59,"column":null}}]}},"s":{"0":1,"1":1,"2":1,"3":0,"4":0,"5":0,"6":0,"7":0,"8":0,"9":0,"10":0,"11":1,"12":1,"13":0,"14":0,"15":0,"16":0,"17":0,"18":0,"19":0,"20":0,"21":0,"22":0,"23":0,"24":1,"25":1,"26":0,"27":0,"28":0,"29":0,"30":0,"31":0,"32":1},"f":{"0":0,"1":0,"2":0,"3":0,"4":0,"5":0},"b":{"0":[0],"1":[0],"2":[0]}}
,"/home/kubik/Escritorio/Docu22/projects/telecom/challenge_weather/src/controllers/weather.controller.ts": {"path":"/home/kubik/Escritorio/Docu22/projects/telecom/challenge_weather/src/controllers/weather.controller.ts","statementMap":{"0":{"start":{"line":2,"column":14},"end":{"line":2,"column":30}},"1":{"start":{"line":3,"column":0},"end":{"line":3,"column":42}},"2":{"start":{"line":9,"column":23},"end":{"line":76,"column":2}},"3":{"start":{"line":9,"column":61},"end":{"line":76,"column":2}},"4":{"start":{"line":10,"column":19},"end":{"line":10,"column":28}},"5":{"start":{"line":12,"column":2},"end":{"line":75,"column":null}},"6":{"start":{"line":13,"column":21},"end":{"line":13,"column":89}},"7":{"start":{"line":15,"column":4},"end":{"line":45,"column":null}},"8":{"start":{"line":17,"column":28},"end":{"line":19,"column":8}},"9":{"start":{"line":20,"column":19},"end":{"line":20,"column":44}},"10":{"start":{"line":21,"column":44},"end":{"line":21,"column":53}},"11":{"start":{"line":24,"column":30},"end":{"line":33,"column":8}},"12":{"start":{"line":35,"column":26},"end":{"line":35,"column":53}},"13":{"start":{"line":36,"column":32},"end":{"line":36,"column":48}},"14":{"start":{"line":37,"column":6},"end":{"line":44,"column":9}},"15":{"start":{"line":48,"column":28},"end":{"line":57,"column":6}},"16":{"start":{"line":59,"column":24},"end":{"line":59,"column":51}},"17":{"start":{"line":60,"column":30},"end":{"line":60,"column":46}},"18":{"start":{"line":62,"column":4},"end":{"line":69,"column":7}},"19":{"start":{"line":71,"column":4},"end":{"line":74,"column":7}},"20":{"start":{"line":9,"column":13},"end":{"line":9,"column":23}},"21":{"start":{"line":82,"column":24},"end":{"line":149,"column":2}},"22":{"start":{"line":82,"column":62},"end":{"line":149,"column":2}},"23":{"start":{"line":83,"column":19},"end":{"line":83,"column":28}},"24":{"start":{"line":85,"column":2},"end":{"line":148,"column":null}},"25":{"start":{"line":86,"column":21},"end":{"line":86,"column":89}},"26":{"start":{"line":88,"column":4},"end":{"line":119,"column":null}},"27":{"start":{"line":90,"column":28},"end":{"line":92,"column":8}},"28":{"start":{"line":93,"column":19},"end":{"line":93,"column":44}},"29":{"start":{"line":94,"column":44},"end":{"line":94,"column":53}},"30":{"start":{"line":97,"column":31},"end":{"line":107,"column":8}},"31":{"start":{"line":108,"column":27},"end":{"line":108,"column":55}},"32":{"start":{"line":109,"column":23},"end":{"line":109,"column":40}},"33":{"start":{"line":111,"column":6},"end":{"line":118,"column":9}},"34":{"start":{"line":121,"column":29},"end":{"line":131,"column":6}},"35":{"start":{"line":132,"column":25},"end":{"line":132,"column":53}},"36":{"start":{"line":133,"column":21},"end":{"line":133,"column":38}},"37":{"start":{"line":135,"column":4},"end":{"line":142,"column":7}},"38":{"start":{"line":144,"column":4},"end":{"line":147,"column":7}},"39":{"start":{"line":82,"column":13},"end":{"line":82,"column":24}}},"fnMap":{"0":{"name":"(anonymous_8)","decl":{"start":{"line":9,"column":23},"end":{"line":9,"column":30}},"loc":{"start":{"line":9,"column":61},"end":{"line":76,"column":2}}},"1":{"name":"(anonymous_9)","decl":{"start":{"line":9,"column":61},"end":{"line":9,"column":null}},"loc":{"start":{"line":9,"column":61},"end":{"line":76,"column":1}}},"2":{"name":"(anonymous_10)","decl":{"start":{"line":82,"column":24},"end":{"line":82,"column":31}},"loc":{"start":{"line":82,"column":62},"end":{"line":149,"column":2}}},"3":{"name":"(anonymous_11)","decl":{"start":{"line":82,"column":62},"end":{"line":82,"column":null}},"loc":{"start":{"line":82,"column":62},"end":{"line":149,"column":1}}}},"branchMap":{"0":{"loc":{"start":{"line":15,"column":4},"end":{"line":45,"column":null}},"type":"if","locations":[{"start":{"line":15,"column":4},"end":{"line":45,"column":null}}]},"1":{"loc":{"start":{"line":54,"column":13},"end":{"line":54,"column":26}},"type":"cond-expr","locations":[{"start":{"line":54,"column":21},"end":{"line":54,"column":23}},{"start":{"line":54,"column":13},"end":{"line":54,"column":26}}]},"2":{"loc":{"start":{"line":54,"column":13},"end":{"line":54,"column":23}},"type":"binary-expr","locations":[{"start":{"line":54,"column":13},"end":{"line":54,"column":23}},{"start":{"line":54,"column":13},"end":{"line":54,"column":23}}]},"3":{"loc":{"start":{"line":55,"column":13},"end":{"line":55,"column":26}},"type":"cond-expr","locations":[{"start":{"line":55,"column":21},"end":{"line":55,"column":23}},{"start":{"line":55,"column":13},"end":{"line":55,"column":26}}]},"4":{"loc":{"start":{"line":55,"column":13},"end":{"line":55,"column":23}},"type":"binary-expr","locations":[{"start":{"line":55,"column":13},"end":{"line":55,"column":23}},{"start":{"line":55,"column":13},"end":{"line":55,"column":23}}]},"5":{"loc":{"start":{"line":88,"column":4},"end":{"line":119,"column":null}},"type":"if","locations":[{"start":{"line":88,"column":4},"end":{"line":119,"column":null}}]},"6":{"loc":{"start":{"line":128,"column":13},"end":{"line":128,"column":26}},"type":"cond-expr","locations":[{"start":{"line":128,"column":21},"end":{"line":128,"column":23}},{"start":{"line":128,"column":13},"end":{"line":128,"column":26}}]},"7":{"loc":{"start":{"line":128,"column":13},"end":{"line":128,"column":23}},"type":"binary-expr","locations":[{"start":{"line":128,"column":13},"end":{"line":128,"column":23}},{"start":{"line":128,"column":13},"end":{"line":128,"column":23}}]},"8":{"loc":{"start":{"line":129,"column":13},"end":{"line":129,"column":26}},"type":"cond-expr","locations":[{"start":{"line":129,"column":21},"end":{"line":129,"column":23}},{"start":{"line":129,"column":13},"end":{"line":129,"column":26}}]},"9":{"loc":{"start":{"line":129,"column":13},"end":{"line":129,"column":23}},"type":"binary-expr","locations":[{"start":{"line":129,"column":13},"end":{"line":129,"column":23}},{"start":{"line":129,"column":13},"end":{"line":129,"column":23}}]}},"s":{"0":1,"1":1,"2":1,"3":0,"4":0,"5":0,"6":0,"7":0,"8":0,"9":0,"10":0,"11":0,"12":0,"13":0,"14":0,"15":0,"16":0,"17":0,"18":0,"19":0,"20":1,"21":1,"22":0,"23":0,"24":0,"25":0,"26":0,"27":0,"28":0,"29":0,"30":0,"31":0,"32":0,"33":0,"34":0,"35":0,"36":0,"37":0,"38":0,"39":1},"f":{"0":0,"1":0,"2":0,"3":0},"b":{"0":[0],"1":[0,0],"2":[0,0],"3":[0,0],"4":[0,0],"5":[0],"6":[0,0],"7":[0,0],"8":[0,0],"9":[0,0]}}
,"/home/kubik/Escritorio/Docu22/projects/telecom/challenge_weather/src/models/location.ts": {"path":"/home/kubik/Escritorio/Docu22/projects/telecom/challenge_weather/src/models/location.ts","statementMap":{"0":{"start":{"line":1,"column":0},"end":{"line":1,"column":51}},"1":{"start":{"line":11,"column":23},"end":{"line":17,"column":2}},"2":{"start":{"line":19,"column":0},"end":{"line":19,"column":60}}},"fnMap":{},"branchMap":{},"s":{"0":1,"1":1,"2":1},"f":{},"b":{}}
,"/home/kubik/Escritorio/Docu22/projects/telecom/challenge_weather/src/routes/index.ts": {"path":"/home/kubik/Escritorio/Docu22/projects/telecom/challenge_weather/src/routes/index.ts","statementMap":{"0":{"start":{"line":1,"column":0},"end":{"line":1,"column":45}},"1":{"start":{"line":2,"column":0},"end":{"line":2,"column":40}},"2":{"start":{"line":3,"column":0},"end":{"line":3,"column":38}},"3":{"start":{"line":5,"column":15},"end":{"line":5,"column":24}},"4":{"start":{"line":7,"column":0},"end":{"line":7,"column":53}},"5":{"start":{"line":9,"column":0},"end":{"line":9,"column":22}}},"fnMap":{},"branchMap":{},"s":{"0":1,"1":1,"2":1,"3":1,"4":1,"5":1},"f":{},"b":{}}
,"/home/kubik/Escritorio/Docu22/projects/telecom/challenge_weather/src/routes/location.ts": {"path":"/home/kubik/Escritorio/Docu22/projects/telecom/challenge_weather/src/routes/location.ts","statementMap":{"0":{"start":{"line":1,"column":0},"end":{"line":1,"column":30}},"1":{"start":{"line":3,"column":15},"end":{"line":3,"column":31}},"2":{"start":{"line":5,"column":0},"end":{"line":5,"column":82}},"3":{"start":{"line":6,"column":0},"end":{"line":6,"column":34}},"4":{"start":{"line":7,"column":0},"end":{"line":7,"column":40}},"5":{"start":{"line":8,"column":0},"end":{"line":8,"column":47}},"6":{"start":{"line":10,"column":0},"end":{"line":10,"column":22}}},"fnMap":{},"branchMap":{},"s":{"0":1,"1":1,"2":1,"3":1,"4":1,"5":1,"6":1},"f":{},"b":{}}
,"/home/kubik/Escritorio/Docu22/projects/telecom/challenge_weather/src/routes/weather.ts": {"path":"/home/kubik/Escritorio/Docu22/projects/telecom/challenge_weather/src/routes/weather.ts","statementMap":{"0":{"start":{"line":1,"column":0},"end":{"line":1,"column":30}},"1":{"start":{"line":3,"column":15},"end":{"line":3,"column":31}},"2":{"start":{"line":5,"column":0},"end":{"line":5,"column":70}},"3":{"start":{"line":7,"column":0},"end":{"line":7,"column":32}},"4":{"start":{"line":8,"column":0},"end":{"line":8,"column":34}},"5":{"start":{"line":10,"column":0},"end":{"line":10,"column":22}}},"fnMap":{},"branchMap":{},"s":{"0":1,"1":1,"2":1,"3":1,"4":1,"5":1},"f":{},"b":{}}
}
